[debug] [2026-01-20T22:29:30.340Z] ----------------------------------------------------------------------
[debug] [2026-01-20T22:29:30.343Z] Command:       C:\Program Files\nodejs\node.exe C:\Users\ployplilin\AppData\Roaming\npm\node_modules\firebase-tools\lib\bin\firebase.js use --add
[debug] [2026-01-20T22:29:30.343Z] CLI Version:   15.3.1
[debug] [2026-01-20T22:29:30.343Z] Platform:      win32
[debug] [2026-01-20T22:29:30.344Z] Node Version:  v22.19.0
[debug] [2026-01-20T22:29:30.344Z] Time:          Wed Jan 21 2026 05:29:30 GMT+0700 (Indochina Time)
[debug] [2026-01-20T22:29:30.344Z] ----------------------------------------------------------------------
[debug] 
[debug] [2026-01-20T22:29:30.596Z] > command requires scopes: ["email","openid","https://www.googleapis.com/auth/cloudplatformprojects.readonly","https://www.googleapis.com/auth/firebase","https://www.googleapis.com/auth/cloud-platform"]
[debug] [2026-01-20T22:29:30.596Z] > authorizing via signed-in user (ployplilin678@gmail.com)
[debug] [2026-01-20T22:29:30.597Z] Checked if tokens are valid: true, expires at: 1768950903815
[debug] [2026-01-20T22:29:30.597Z] Checked if tokens are valid: true, expires at: 1768950903815
[debug] [2026-01-20T22:29:30.598Z] >>> [apiv2][query] GET https://firebase.googleapis.com/v1beta1/projects pageSize=1000
[debug] [2026-01-20T22:29:31.797Z] <<< [apiv2][status] GET https://firebase.googleapis.com/v1beta1/projects 200
[debug] [2026-01-20T22:29:31.797Z] <<< [apiv2][body] GET https://firebase.googleapis.com/v1beta1/projects [omitted]
[debug] [2026-01-20T22:29:54.272Z] ExitPromptError: User force closed the prompt with SIGINT
    at Interface.sigint (C:\Users\ployplilin\AppData\Roaming\npm\node_modules\firebase-tools\node_modules\@inquirer\core\dist\commonjs\lib\create-prompt.js:101:37)
    at Interface.emit (node:events:519:28)
    at [_ttyWrite] [as _ttyWrite] (node:internal/readline/interface:1132:18)
    at ReadStream.onkeypress (node:internal/readline/interface:271:20)
    at ReadStream.emit (node:events:531:35)
    at emitKeys (node:internal/readline/utils:370:14)
    at emitKeys.next (<anonymous>)
    at ReadStream.onData (node:internal/readline/emitKeypressEvents:64:36)
    at ReadStream.emit (node:events:519:28)
    at addChunk (node:internal/streams/readable:561:12)
[error] 
[error] Error: An unexpected error has occurred.
